<?xml version="1.0" encoding="UTF-8"?>
<testng-results ignored="1" total="3" passed="1" failed="1" skipped="0">
  <reporter-output>
  </reporter-output>
  <suite started-at="2025-07-09T22:41:19 CDT" name="Suite" finished-at="2025-07-09T22:41:41 CDT" duration-ms="22301">
    <groups>
      <group name="smoke">
        <method signature="HomePageTestCases.verifyHeaderElementsInHomePage()[pri:0, instance:avantage.entertainment.testcases.HomePageTestCases@459e9125]" name="verifyHeaderElementsInHomePage" class="avantage.entertainment.testcases.HomePageTestCases"/>
        <method signature="LoginTestCases.loginWithEmailValidUsers()[pri:0, instance:avantage.entertainment.testcases.LoginTestCases@4c583ecf]" name="loginWithEmailValidUsers" class="avantage.entertainment.testcases.LoginTestCases"/>
      </group> <!-- smoke -->
    </groups>
    <test started-at="2025-07-09T22:41:19 CDT" name="EdgeTest" finished-at="2025-07-09T22:41:41 CDT" duration-ms="22301">
      <class name="avantage.entertainment.testcases.HomePageTestCases">
        <test-method is-config="true" signature="beforeClassSetUp()[pri:0, instance:avantage.entertainment.testcases.HomePageTestCases@459e9125]" started-at="2025-07-09T22:41:19 CDT" name="beforeClassSetUp" finished-at="2025-07-09T22:41:20 CDT" duration-ms="626" status="PASS">
          <reporter-output>
          </reporter-output>
        </test-method> <!-- beforeClassSetUp -->
        <test-method is-config="true" signature="setUp(java.lang.String,java.lang.String)[pri:0, instance:avantage.entertainment.testcases.HomePageTestCases@459e9125]" started-at="2025-07-09T22:41:20 CDT" name="setUp" finished-at="2025-07-09T22:41:22 CDT" duration-ms="2526" status="PASS">
          <params>
            <param index="0">
              <value>
                <![CDATA[windows]]>
              </value>
            </param>
            <param index="1">
              <value>
                <![CDATA[edge]]>
              </value>
            </param>
          </params>
          <reporter-output>
          </reporter-output>
        </test-method> <!-- setUp -->
        <test-method signature="verifyHeaderElementsInHomePage()[pri:0, instance:avantage.entertainment.testcases.HomePageTestCases@459e9125]" started-at="2025-07-09T22:41:22 CDT" name="verifyHeaderElementsInHomePage" finished-at="2025-07-09T22:41:29 CDT" duration-ms="6668" status="PASS">
          <reporter-output>
          </reporter-output>
        </test-method> <!-- verifyHeaderElementsInHomePage -->
        <test-method is-config="true" signature="tearDown()[pri:0, instance:avantage.entertainment.testcases.HomePageTestCases@459e9125]" started-at="2025-07-09T22:41:29 CDT" name="tearDown" finished-at="2025-07-09T22:41:29 CDT" duration-ms="232" status="PASS">
          <reporter-output>
          </reporter-output>
        </test-method> <!-- tearDown -->
      </class> <!-- avantage.entertainment.testcases.HomePageTestCases -->
      <class name="avantage.entertainment.testcases.LoginTestCases">
        <test-method is-config="true" signature="beforeClassSetUp()[pri:0, instance:avantage.entertainment.testcases.LoginTestCases@4c583ecf]" started-at="2025-07-09T22:41:29 CDT" name="beforeClassSetUp" finished-at="2025-07-09T22:41:29 CDT" duration-ms="0" status="PASS">
          <reporter-output>
          </reporter-output>
        </test-method> <!-- beforeClassSetUp -->
        <test-method is-config="true" signature="setUp(java.lang.String,java.lang.String)[pri:0, instance:avantage.entertainment.testcases.LoginTestCases@4c583ecf]" started-at="2025-07-09T22:41:29 CDT" name="setUp" finished-at="2025-07-09T22:41:30 CDT" duration-ms="693" status="PASS">
          <params>
            <param index="0">
              <value>
                <![CDATA[windows]]>
              </value>
            </param>
            <param index="1">
              <value>
                <![CDATA[edge]]>
              </value>
            </param>
          </params>
          <reporter-output>
          </reporter-output>
        </test-method> <!-- setUp -->
        <test-method signature="loginWithEmailValidUsers()[pri:0, instance:avantage.entertainment.testcases.LoginTestCases@4c583ecf]" started-at="2025-07-09T22:41:30 CDT" name="loginWithEmailValidUsers" finished-at="2025-07-09T22:41:41 CDT" duration-ms="10848" status="FAIL">
          <exception class="java.lang.AssertionError">
            <message>
              <![CDATA[element click intercepted: Element <p class="account-jss558 account-jss604 account-jss560">...</p> is not clickable at point (555, 397). Other element would receive the click: <div class="account-jss1 account-jss608">...</div>
  (Session info: MicrosoftEdge=138.0.3351.77)
Build info: version: '4.34.0', revision: '707dcb4246*'
System info: os.name: 'Windows 11', os.arch: 'amd64', os.version: '10.0', java.version: '21.0.7'
Driver info: org.openqa.selenium.edge.EdgeDriver
Command: [cad28f18489949748b5d656ddff486d2, clickElement {id=f.74C2D9C3A07BFEDD593107C6FE57B95D.d.E5870EB29A75E968436D542DB526146F.e.80}]
Capabilities {acceptInsecureCerts: false, browserName: MicrosoftEdge, browserVersion: 138.0.3351.77, fedcm:accounts: true, ms:edgeOptions: {debuggerAddress: localhost:9222}, msedge: {msedgedriverVersion: 138.0.3351.77 (efaf6935b436..., userDataDir: C:\Users\rakes\AppData\Loca...}, networkConnectionEnabled: false, pageLoadStrategy: normal, platformName: windows, proxy: Proxy(), se:cdp: ws://localhost:9222/devtool..., se:cdpVersion: 138.0.3351.77, setWindowRect: true, strictFileInteractability: false, timeouts: {implicit: 0, pageLoad: 300000, script: 30000}, unhandledPromptBehavior: dismiss and notify, webauthn:extension:credBlob: true, webauthn:extension:largeBlob: true, webauthn:extension:minPinLength: true, webauthn:extension:prf: true, webauthn:virtualAuthenticators: true}
Element: [[EdgeDriver: MicrosoftEdge on windows (cad28f18489949748b5d656ddff486d2)] -> xpath: //p[text()='Log Out']]
Session ID: cad28f18489949748b5d656ddff486d2]]>
            </message>
            <full-stacktrace>
              <![CDATA[java.lang.AssertionError: element click intercepted: Element <p class="account-jss558 account-jss604 account-jss560">...</p> is not clickable at point (555, 397). Other element would receive the click: <div class="account-jss1 account-jss608">...</div>
  (Session info: MicrosoftEdge=138.0.3351.77)
Build info: version: '4.34.0', revision: '707dcb4246*'
System info: os.name: 'Windows 11', os.arch: 'amd64', os.version: '10.0', java.version: '21.0.7'
Driver info: org.openqa.selenium.edge.EdgeDriver
Command: [cad28f18489949748b5d656ddff486d2, clickElement {id=f.74C2D9C3A07BFEDD593107C6FE57B95D.d.E5870EB29A75E968436D542DB526146F.e.80}]
Capabilities {acceptInsecureCerts: false, browserName: MicrosoftEdge, browserVersion: 138.0.3351.77, fedcm:accounts: true, ms:edgeOptions: {debuggerAddress: localhost:9222}, msedge: {msedgedriverVersion: 138.0.3351.77 (efaf6935b436..., userDataDir: C:\Users\rakes\AppData\Loca...}, networkConnectionEnabled: false, pageLoadStrategy: normal, platformName: windows, proxy: Proxy(), se:cdp: ws://localhost:9222/devtool..., se:cdpVersion: 138.0.3351.77, setWindowRect: true, strictFileInteractability: false, timeouts: {implicit: 0, pageLoad: 300000, script: 30000}, unhandledPromptBehavior: dismiss and notify, webauthn:extension:credBlob: true, webauthn:extension:largeBlob: true, webauthn:extension:minPinLength: true, webauthn:extension:prf: true, webauthn:virtualAuthenticators: true}
Element: [[EdgeDriver: MicrosoftEdge on windows (cad28f18489949748b5d656ddff486d2)] -> xpath: //p[text()='Log Out']]
Session ID: cad28f18489949748b5d656ddff486d2
at org.testng.Assert.fail(Assert.java:111)
at avantage.entertainment.testcases.LoginTestCases.loginWithEmailValidUsers(LoginTestCases.java:65)
at java.base/jdk.internal.reflect.DirectMethodHandleAccessor.invoke(DirectMethodHandleAccessor.java:103)
at java.base/java.lang.reflect.Method.invoke(Method.java:580)
at org.testng.internal.invokers.MethodInvocationHelper.invokeMethod(MethodInvocationHelper.java:141)
at org.testng.internal.invokers.TestInvoker.invokeMethod(TestInvoker.java:687)
at org.testng.internal.invokers.TestInvoker.invokeTestMethod(TestInvoker.java:230)
at org.testng.internal.invokers.MethodRunner.runInSequence(MethodRunner.java:63)
at org.testng.internal.invokers.TestInvoker$MethodInvocationAgent.invoke(TestInvoker.java:995)
at org.testng.internal.invokers.TestInvoker.invokeTestMethods(TestInvoker.java:203)
at org.testng.internal.invokers.TestMethodWorker.invokeTestMethods(TestMethodWorker.java:154)
at org.testng.internal.invokers.TestMethodWorker.run(TestMethodWorker.java:134)
at java.base/java.util.ArrayList.forEach(ArrayList.java:1596)
at org.testng.TestRunner.privateRun(TestRunner.java:741)
at org.testng.TestRunner.run(TestRunner.java:616)
at org.testng.SuiteRunner.runTest(SuiteRunner.java:421)
at org.testng.SuiteRunner.runSequentially(SuiteRunner.java:413)
at org.testng.SuiteRunner.privateRun(SuiteRunner.java:373)
at org.testng.SuiteRunner.run(SuiteRunner.java:312)
at org.testng.SuiteRunnerWorker.runSuite(SuiteRunnerWorker.java:52)
at org.testng.SuiteRunnerWorker.run(SuiteRunnerWorker.java:95)
at org.testng.TestNG.runSuitesSequentially(TestNG.java:1274)
at org.testng.TestNG.runSuitesLocally(TestNG.java:1208)
at org.testng.TestNG.runSuites(TestNG.java:1112)
at org.testng.TestNG.run(TestNG.java:1079)
at org.apache.maven.surefire.testng.TestNGExecutor.run(TestNGExecutor.java:308)
at org.apache.maven.surefire.testng.TestNGXmlTestSuite.execute(TestNGXmlTestSuite.java:71)
at org.apache.maven.surefire.testng.TestNGProvider.invoke(TestNGProvider.java:113)
at org.apache.maven.surefire.booter.ForkedBooter.runSuitesInProcess(ForkedBooter.java:385)
at org.apache.maven.surefire.booter.ForkedBooter.execute(ForkedBooter.java:162)
at org.apache.maven.surefire.booter.ForkedBooter.run(ForkedBooter.java:507)
at org.apache.maven.surefire.booter.ForkedBooter.main(ForkedBooter.java:495)
]]>
            </full-stacktrace>
          </exception> <!-- java.lang.AssertionError -->
          <reporter-output>
          </reporter-output>
        </test-method> <!-- loginWithEmailValidUsers -->
        <test-method is-config="true" signature="tearDown()[pri:0, instance:avantage.entertainment.testcases.LoginTestCases@4c583ecf]" started-at="2025-07-09T22:41:41 CDT" name="tearDown" finished-at="2025-07-09T22:41:41 CDT" duration-ms="215" status="PASS">
          <reporter-output>
          </reporter-output>
        </test-method> <!-- tearDown -->
      </class> <!-- avantage.entertainment.testcases.LoginTestCases -->
    </test> <!-- EdgeTest -->
  </suite> <!-- Suite -->
</testng-results>
