<?xml version="1.0" encoding="UTF-8"?>
<testsuite xmlns:xsi="http://www.w3.org/2001/XMLSchema-instance" xsi:noNamespaceSchemaLocation="https://maven.apache.org/surefire/maven-surefire-plugin/xsd/surefire-test-report.xsd" version="3.0.2" name="TestSuite" time="71.383" tests="6" errors="0" skipped="0" failures="1">
  <properties>
    <property name="java.specification.version" value="21"/>
    <property name="sun.cpu.isalist" value="amd64"/>
    <property name="sun.jnu.encoding" value="Cp1252"/>
    <property name="sun.awt.enableExtraMouseButtons" value="true"/>
    <property name="java.class.path" value="C:\Users\rakes\eclipse-workspace\framework\avantageentertainment1.0\target\test-classes;C:\Users\rakes\eclipse-workspace\framework\avantageentertainment1.0\target\classes;C:\Users\rakes\.m2\repository\org\seleniumhq\selenium\selenium-java\4.33.0\selenium-java-4.33.0.jar;C:\Users\rakes\.m2\repository\org\seleniumhq\selenium\selenium-api\4.33.0\selenium-api-4.33.0.jar;C:\Users\rakes\.m2\repository\org\jspecify\jspecify\1.0.0\jspecify-1.0.0.jar;C:\Users\rakes\.m2\repository\org\seleniumhq\selenium\selenium-chrome-driver\4.33.0\selenium-chrome-driver-4.33.0.jar;C:\Users\rakes\.m2\repository\com\google\auto\service\auto-service-annotations\1.1.1\auto-service-annotations-1.1.1.jar;C:\Users\rakes\.m2\repository\org\seleniumhq\selenium\selenium-chromium-driver\4.33.0\selenium-chromium-driver-4.33.0.jar;C:\Users\rakes\.m2\repository\org\seleniumhq\selenium\selenium-json\4.33.0\selenium-json-4.33.0.jar;C:\Users\rakes\.m2\repository\org\seleniumhq\selenium\selenium-manager\4.33.0\selenium-manager-4.33.0.jar;C:\Users\rakes\.m2\repository\org\seleniumhq\selenium\selenium-devtools-v135\4.33.0\selenium-devtools-v135-4.33.0.jar;C:\Users\rakes\.m2\repository\org\seleniumhq\selenium\selenium-devtools-v136\4.33.0\selenium-devtools-v136-4.33.0.jar;C:\Users\rakes\.m2\repository\org\seleniumhq\selenium\selenium-devtools-v137\4.33.0\selenium-devtools-v137-4.33.0.jar;C:\Users\rakes\.m2\repository\org\seleniumhq\selenium\selenium-edge-driver\4.33.0\selenium-edge-driver-4.33.0.jar;C:\Users\rakes\.m2\repository\org\seleniumhq\selenium\selenium-firefox-driver\4.33.0\selenium-firefox-driver-4.33.0.jar;C:\Users\rakes\.m2\repository\org\seleniumhq\selenium\selenium-http\4.33.0\selenium-http-4.33.0.jar;C:\Users\rakes\.m2\repository\org\seleniumhq\selenium\selenium-ie-driver\4.33.0\selenium-ie-driver-4.33.0.jar;C:\Users\rakes\.m2\repository\org\seleniumhq\selenium\selenium-remote-driver\4.33.0\selenium-remote-driver-4.33.0.jar;C:\Users\rakes\.m2\repository\com\google\guava\guava\33.4.8-jre\guava-33.4.8-jre.jar;C:\Users\rakes\.m2\repository\com\google\guava\failureaccess\1.0.3\failureaccess-1.0.3.jar;C:\Users\rakes\.m2\repository\com\google\guava\listenablefuture\9999.0-empty-to-avoid-conflict-with-guava\listenablefuture-9999.0-empty-to-avoid-conflict-with-guava.jar;C:\Users\rakes\.m2\repository\com\google\errorprone\error_prone_annotations\2.36.0\error_prone_annotations-2.36.0.jar;C:\Users\rakes\.m2\repository\com\google\j2objc\j2objc-annotations\3.0.0\j2objc-annotations-3.0.0.jar;C:\Users\rakes\.m2\repository\io\opentelemetry\opentelemetry-api\1.50.0\opentelemetry-api-1.50.0.jar;C:\Users\rakes\.m2\repository\io\opentelemetry\opentelemetry-context\1.50.0\opentelemetry-context-1.50.0.jar;C:\Users\rakes\.m2\repository\io\opentelemetry\opentelemetry-exporter-logging\1.50.0\opentelemetry-exporter-logging-1.50.0.jar;C:\Users\rakes\.m2\repository\io\opentelemetry\opentelemetry-sdk-common\1.50.0\opentelemetry-sdk-common-1.50.0.jar;C:\Users\rakes\.m2\repository\io\opentelemetry\opentelemetry-sdk-extension-autoconfigure-spi\1.50.0\opentelemetry-sdk-extension-autoconfigure-spi-1.50.0.jar;C:\Users\rakes\.m2\repository\io\opentelemetry\opentelemetry-sdk-extension-autoconfigure\1.50.0\opentelemetry-sdk-extension-autoconfigure-1.50.0.jar;C:\Users\rakes\.m2\repository\io\opentelemetry\opentelemetry-sdk-trace\1.50.0\opentelemetry-sdk-trace-1.50.0.jar;C:\Users\rakes\.m2\repository\io\opentelemetry\opentelemetry-sdk\1.50.0\opentelemetry-sdk-1.50.0.jar;C:\Users\rakes\.m2\repository\io\opentelemetry\opentelemetry-sdk-metrics\1.50.0\opentelemetry-sdk-metrics-1.50.0.jar;C:\Users\rakes\.m2\repository\io\opentelemetry\opentelemetry-sdk-logs\1.50.0\opentelemetry-sdk-logs-1.50.0.jar;C:\Users\rakes\.m2\repository\net\bytebuddy\byte-buddy\1.17.5\byte-buddy-1.17.5.jar;C:\Users\rakes\.m2\repository\org\seleniumhq\selenium\selenium-os\4.33.0\selenium-os-4.33.0.jar;C:\Users\rakes\.m2\repository\org\apache\commons\commons-exec\1.4.0\commons-exec-1.4.0.jar;C:\Users\rakes\.m2\repository\org\seleniumhq\selenium\selenium-safari-driver\4.33.0\selenium-safari-driver-4.33.0.jar;C:\Users\rakes\.m2\repository\org\seleniumhq\selenium\selenium-support\4.33.0\selenium-support-4.33.0.jar;C:\Users\rakes\.m2\repository\org\testng\testng\7.11.0\testng-7.11.0.jar;C:\Users\rakes\.m2\repository\org\slf4j\slf4j-api\2.0.16\slf4j-api-2.0.16.jar;C:\Users\rakes\.m2\repository\org\jcommander\jcommander\1.83\jcommander-1.83.jar;C:\Users\rakes\.m2\repository\org\webjars\jquery\3.7.1\jquery-3.7.1.jar;C:\Users\rakes\.m2\repository\org\apache\poi\poi\5.4.1\poi-5.4.1.jar;C:\Users\rakes\.m2\repository\commons-codec\commons-codec\1.18.0\commons-codec-1.18.0.jar;C:\Users\rakes\.m2\repository\org\apache\commons\commons-collections4\4.4\commons-collections4-4.4.jar;C:\Users\rakes\.m2\repository\org\apache\commons\commons-math3\3.6.1\commons-math3-3.6.1.jar;C:\Users\rakes\.m2\repository\com\zaxxer\SparseBitSet\1.3\SparseBitSet-1.3.jar;C:\Users\rakes\.m2\repository\org\apache\poi\poi-ooxml\5.4.1\poi-ooxml-5.4.1.jar;C:\Users\rakes\.m2\repository\org\apache\poi\poi-ooxml-lite\5.4.1\poi-ooxml-lite-5.4.1.jar;C:\Users\rakes\.m2\repository\org\apache\xmlbeans\xmlbeans\5.3.0\xmlbeans-5.3.0.jar;C:\Users\rakes\.m2\repository\org\apache\commons\commons-compress\1.27.1\commons-compress-1.27.1.jar;C:\Users\rakes\.m2\repository\com\github\virtuald\curvesapi\1.08\curvesapi-1.08.jar;C:\Users\rakes\.m2\repository\org\apache\logging\log4j\log4j-core\2.24.3\log4j-core-2.24.3.jar;C:\Users\rakes\.m2\repository\org\apache\logging\log4j\log4j-api\2.24.3\log4j-api-2.24.3.jar;C:\Users\rakes\.m2\repository\commons-io\commons-io\2.19.0\commons-io-2.19.0.jar;C:\Users\rakes\.m2\repository\org\apache\commons\commons-lang3\3.17.0\commons-lang3-3.17.0.jar;C:\Users\rakes\.m2\repository\com\aventstack\extentreports\5.1.2\extentreports-5.1.2.jar;C:\Users\rakes\.m2\repository\io\reactivex\rxjava3\rxjava\3.1.6\rxjava-3.1.6.jar;C:\Users\rakes\.m2\repository\org\reactivestreams\reactive-streams\1.0.4\reactive-streams-1.0.4.jar;C:\Users\rakes\.m2\repository\org\freemarker\freemarker\2.3.32\freemarker-2.3.32.jar;C:\Users\rakes\.m2\repository\org\projectlombok\lombok\1.18.26\lombok-1.18.26.jar;C:\Users\rakes\.m2\repository\com\google\code\gson\gson\2.10.1\gson-2.10.1.jar;C:\Users\rakes\.m2\repository\org\slf4j\slf4j-nop\2.0.17\slf4j-nop-2.0.17.jar;C:\Users\rakes\.m2\repository\org\apache\commons\commons-email\1.6.0\commons-email-1.6.0.jar;C:\Users\rakes\.m2\repository\com\sun\mail\jakarta.mail\1.6.7\jakarta.mail-1.6.7.jar;C:\Users\rakes\.m2\repository\com\sun\activation\jakarta.activation\1.2.1\jakarta.activation-1.2.1.jar;C:\Users\rakes\.m2\repository\io\github\bonigarcia\webdrivermanager\6.1.0\webdrivermanager-6.1.0.jar;C:\Users\rakes\.m2\repository\com\github\docker-java\docker-java\3.5.0\docker-java-3.5.0.jar;C:\Users\rakes\.m2\repository\com\github\docker-java\docker-java-core\3.5.0\docker-java-core-3.5.0.jar;C:\Users\rakes\.m2\repository\com\github\docker-java\docker-java-api\3.5.0\docker-java-api-3.5.0.jar;C:\Users\rakes\.m2\repository\com\fasterxml\jackson\core\jackson-annotations\2.18.3\jackson-annotations-2.18.3.jar;C:\Users\rakes\.m2\repository\com\fasterxml\jackson\core\jackson-databind\2.18.3\jackson-databind-2.18.3.jar;C:\Users\rakes\.m2\repository\com\fasterxml\jackson\core\jackson-core\2.18.3\jackson-core-2.18.3.jar;C:\Users\rakes\.m2\repository\org\slf4j\jcl-over-slf4j\1.7.30\jcl-over-slf4j-1.7.30.jar;C:\Users\rakes\.m2\repository\com\github\docker-java\docker-java-transport-httpclient5\3.5.0\docker-java-transport-httpclient5-3.5.0.jar;C:\Users\rakes\.m2\repository\com\github\docker-java\docker-java-transport\3.5.0\docker-java-transport-3.5.0.jar;C:\Users\rakes\.m2\repository\net\java\dev\jna\jna\5.17.0\jna-5.17.0.jar;C:\Users\rakes\.m2\repository\org\brotli\dec\0.1.2\dec-0.1.2.jar;C:\Users\rakes\.m2\repository\org\apache\httpcomponents\client5\httpclient5\5.4.3\httpclient5-5.4.3.jar;C:\Users\rakes\.m2\repository\org\apache\httpcomponents\core5\httpcore5\5.3.4\httpcore5-5.3.4.jar;C:\Users\rakes\.m2\repository\org\apache\httpcomponents\core5\httpcore5-h2\5.3.4\httpcore5-h2-5.3.4.jar;C:\Users\rakes\.m2\repository\net\java\dev\jna\jna-platform\5.13.0\jna-platform-5.13.0.jar;"/>
    <property name="java.vm.vendor" value="Oracle Corporation"/>
    <property name="sun.arch.data.model" value="64"/>
    <property name="user.variant" value=""/>
    <property name="java.vendor.url" value="https://java.oracle.com/"/>
    <property name="user.timezone" value="America/Chicago"/>
    <property name="os.name" value="Windows 11"/>
    <property name="java.vm.specification.version" value="21"/>
    <property name="sun.java.launcher" value="SUN_STANDARD"/>
    <property name="user.country" value="US"/>
    <property name="sun.boot.library.path" value="C:\Program Files\Java\jdk-21\bin"/>
    <property name="sun.java.command" value="C:\Users\rakes\AppData\Local\Temp\surefire9982695342958394108\surefirebooter-20250704144410758_3.jar C:\Users\rakes\AppData\Local\Temp\surefire9982695342958394108 2025-07-04T14-44-10_422-jvmRun1 surefire-20250704144410758_1tmp surefire_0-20250704144410758_2tmp"/>
    <property name="jdk.debug" value="release"/>
    <property name="surefire.test.class.path" value="C:\Users\rakes\eclipse-workspace\framework\avantageentertainment1.0\target\test-classes;C:\Users\rakes\eclipse-workspace\framework\avantageentertainment1.0\target\classes;C:\Users\rakes\.m2\repository\org\seleniumhq\selenium\selenium-java\4.33.0\selenium-java-4.33.0.jar;C:\Users\rakes\.m2\repository\org\seleniumhq\selenium\selenium-api\4.33.0\selenium-api-4.33.0.jar;C:\Users\rakes\.m2\repository\org\jspecify\jspecify\1.0.0\jspecify-1.0.0.jar;C:\Users\rakes\.m2\repository\org\seleniumhq\selenium\selenium-chrome-driver\4.33.0\selenium-chrome-driver-4.33.0.jar;C:\Users\rakes\.m2\repository\com\google\auto\service\auto-service-annotations\1.1.1\auto-service-annotations-1.1.1.jar;C:\Users\rakes\.m2\repository\org\seleniumhq\selenium\selenium-chromium-driver\4.33.0\selenium-chromium-driver-4.33.0.jar;C:\Users\rakes\.m2\repository\org\seleniumhq\selenium\selenium-json\4.33.0\selenium-json-4.33.0.jar;C:\Users\rakes\.m2\repository\org\seleniumhq\selenium\selenium-manager\4.33.0\selenium-manager-4.33.0.jar;C:\Users\rakes\.m2\repository\org\seleniumhq\selenium\selenium-devtools-v135\4.33.0\selenium-devtools-v135-4.33.0.jar;C:\Users\rakes\.m2\repository\org\seleniumhq\selenium\selenium-devtools-v136\4.33.0\selenium-devtools-v136-4.33.0.jar;C:\Users\rakes\.m2\repository\org\seleniumhq\selenium\selenium-devtools-v137\4.33.0\selenium-devtools-v137-4.33.0.jar;C:\Users\rakes\.m2\repository\org\seleniumhq\selenium\selenium-edge-driver\4.33.0\selenium-edge-driver-4.33.0.jar;C:\Users\rakes\.m2\repository\org\seleniumhq\selenium\selenium-firefox-driver\4.33.0\selenium-firefox-driver-4.33.0.jar;C:\Users\rakes\.m2\repository\org\seleniumhq\selenium\selenium-http\4.33.0\selenium-http-4.33.0.jar;C:\Users\rakes\.m2\repository\org\seleniumhq\selenium\selenium-ie-driver\4.33.0\selenium-ie-driver-4.33.0.jar;C:\Users\rakes\.m2\repository\org\seleniumhq\selenium\selenium-remote-driver\4.33.0\selenium-remote-driver-4.33.0.jar;C:\Users\rakes\.m2\repository\com\google\guava\guava\33.4.8-jre\guava-33.4.8-jre.jar;C:\Users\rakes\.m2\repository\com\google\guava\failureaccess\1.0.3\failureaccess-1.0.3.jar;C:\Users\rakes\.m2\repository\com\google\guava\listenablefuture\9999.0-empty-to-avoid-conflict-with-guava\listenablefuture-9999.0-empty-to-avoid-conflict-with-guava.jar;C:\Users\rakes\.m2\repository\com\google\errorprone\error_prone_annotations\2.36.0\error_prone_annotations-2.36.0.jar;C:\Users\rakes\.m2\repository\com\google\j2objc\j2objc-annotations\3.0.0\j2objc-annotations-3.0.0.jar;C:\Users\rakes\.m2\repository\io\opentelemetry\opentelemetry-api\1.50.0\opentelemetry-api-1.50.0.jar;C:\Users\rakes\.m2\repository\io\opentelemetry\opentelemetry-context\1.50.0\opentelemetry-context-1.50.0.jar;C:\Users\rakes\.m2\repository\io\opentelemetry\opentelemetry-exporter-logging\1.50.0\opentelemetry-exporter-logging-1.50.0.jar;C:\Users\rakes\.m2\repository\io\opentelemetry\opentelemetry-sdk-common\1.50.0\opentelemetry-sdk-common-1.50.0.jar;C:\Users\rakes\.m2\repository\io\opentelemetry\opentelemetry-sdk-extension-autoconfigure-spi\1.50.0\opentelemetry-sdk-extension-autoconfigure-spi-1.50.0.jar;C:\Users\rakes\.m2\repository\io\opentelemetry\opentelemetry-sdk-extension-autoconfigure\1.50.0\opentelemetry-sdk-extension-autoconfigure-1.50.0.jar;C:\Users\rakes\.m2\repository\io\opentelemetry\opentelemetry-sdk-trace\1.50.0\opentelemetry-sdk-trace-1.50.0.jar;C:\Users\rakes\.m2\repository\io\opentelemetry\opentelemetry-sdk\1.50.0\opentelemetry-sdk-1.50.0.jar;C:\Users\rakes\.m2\repository\io\opentelemetry\opentelemetry-sdk-metrics\1.50.0\opentelemetry-sdk-metrics-1.50.0.jar;C:\Users\rakes\.m2\repository\io\opentelemetry\opentelemetry-sdk-logs\1.50.0\opentelemetry-sdk-logs-1.50.0.jar;C:\Users\rakes\.m2\repository\net\bytebuddy\byte-buddy\1.17.5\byte-buddy-1.17.5.jar;C:\Users\rakes\.m2\repository\org\seleniumhq\selenium\selenium-os\4.33.0\selenium-os-4.33.0.jar;C:\Users\rakes\.m2\repository\org\apache\commons\commons-exec\1.4.0\commons-exec-1.4.0.jar;C:\Users\rakes\.m2\repository\org\seleniumhq\selenium\selenium-safari-driver\4.33.0\selenium-safari-driver-4.33.0.jar;C:\Users\rakes\.m2\repository\org\seleniumhq\selenium\selenium-support\4.33.0\selenium-support-4.33.0.jar;C:\Users\rakes\.m2\repository\org\testng\testng\7.11.0\testng-7.11.0.jar;C:\Users\rakes\.m2\repository\org\slf4j\slf4j-api\2.0.16\slf4j-api-2.0.16.jar;C:\Users\rakes\.m2\repository\org\jcommander\jcommander\1.83\jcommander-1.83.jar;C:\Users\rakes\.m2\repository\org\webjars\jquery\3.7.1\jquery-3.7.1.jar;C:\Users\rakes\.m2\repository\org\apache\poi\poi\5.4.1\poi-5.4.1.jar;C:\Users\rakes\.m2\repository\commons-codec\commons-codec\1.18.0\commons-codec-1.18.0.jar;C:\Users\rakes\.m2\repository\org\apache\commons\commons-collections4\4.4\commons-collections4-4.4.jar;C:\Users\rakes\.m2\repository\org\apache\commons\commons-math3\3.6.1\commons-math3-3.6.1.jar;C:\Users\rakes\.m2\repository\com\zaxxer\SparseBitSet\1.3\SparseBitSet-1.3.jar;C:\Users\rakes\.m2\repository\org\apache\poi\poi-ooxml\5.4.1\poi-ooxml-5.4.1.jar;C:\Users\rakes\.m2\repository\org\apache\poi\poi-ooxml-lite\5.4.1\poi-ooxml-lite-5.4.1.jar;C:\Users\rakes\.m2\repository\org\apache\xmlbeans\xmlbeans\5.3.0\xmlbeans-5.3.0.jar;C:\Users\rakes\.m2\repository\org\apache\commons\commons-compress\1.27.1\commons-compress-1.27.1.jar;C:\Users\rakes\.m2\repository\com\github\virtuald\curvesapi\1.08\curvesapi-1.08.jar;C:\Users\rakes\.m2\repository\org\apache\logging\log4j\log4j-core\2.24.3\log4j-core-2.24.3.jar;C:\Users\rakes\.m2\repository\org\apache\logging\log4j\log4j-api\2.24.3\log4j-api-2.24.3.jar;C:\Users\rakes\.m2\repository\commons-io\commons-io\2.19.0\commons-io-2.19.0.jar;C:\Users\rakes\.m2\repository\org\apache\commons\commons-lang3\3.17.0\commons-lang3-3.17.0.jar;C:\Users\rakes\.m2\repository\com\aventstack\extentreports\5.1.2\extentreports-5.1.2.jar;C:\Users\rakes\.m2\repository\io\reactivex\rxjava3\rxjava\3.1.6\rxjava-3.1.6.jar;C:\Users\rakes\.m2\repository\org\reactivestreams\reactive-streams\1.0.4\reactive-streams-1.0.4.jar;C:\Users\rakes\.m2\repository\org\freemarker\freemarker\2.3.32\freemarker-2.3.32.jar;C:\Users\rakes\.m2\repository\org\projectlombok\lombok\1.18.26\lombok-1.18.26.jar;C:\Users\rakes\.m2\repository\com\google\code\gson\gson\2.10.1\gson-2.10.1.jar;C:\Users\rakes\.m2\repository\org\slf4j\slf4j-nop\2.0.17\slf4j-nop-2.0.17.jar;C:\Users\rakes\.m2\repository\org\apache\commons\commons-email\1.6.0\commons-email-1.6.0.jar;C:\Users\rakes\.m2\repository\com\sun\mail\jakarta.mail\1.6.7\jakarta.mail-1.6.7.jar;C:\Users\rakes\.m2\repository\com\sun\activation\jakarta.activation\1.2.1\jakarta.activation-1.2.1.jar;C:\Users\rakes\.m2\repository\io\github\bonigarcia\webdrivermanager\6.1.0\webdrivermanager-6.1.0.jar;C:\Users\rakes\.m2\repository\com\github\docker-java\docker-java\3.5.0\docker-java-3.5.0.jar;C:\Users\rakes\.m2\repository\com\github\docker-java\docker-java-core\3.5.0\docker-java-core-3.5.0.jar;C:\Users\rakes\.m2\repository\com\github\docker-java\docker-java-api\3.5.0\docker-java-api-3.5.0.jar;C:\Users\rakes\.m2\repository\com\fasterxml\jackson\core\jackson-annotations\2.18.3\jackson-annotations-2.18.3.jar;C:\Users\rakes\.m2\repository\com\fasterxml\jackson\core\jackson-databind\2.18.3\jackson-databind-2.18.3.jar;C:\Users\rakes\.m2\repository\com\fasterxml\jackson\core\jackson-core\2.18.3\jackson-core-2.18.3.jar;C:\Users\rakes\.m2\repository\org\slf4j\jcl-over-slf4j\1.7.30\jcl-over-slf4j-1.7.30.jar;C:\Users\rakes\.m2\repository\com\github\docker-java\docker-java-transport-httpclient5\3.5.0\docker-java-transport-httpclient5-3.5.0.jar;C:\Users\rakes\.m2\repository\com\github\docker-java\docker-java-transport\3.5.0\docker-java-transport-3.5.0.jar;C:\Users\rakes\.m2\repository\net\java\dev\jna\jna\5.17.0\jna-5.17.0.jar;C:\Users\rakes\.m2\repository\org\brotli\dec\0.1.2\dec-0.1.2.jar;C:\Users\rakes\.m2\repository\org\apache\httpcomponents\client5\httpclient5\5.4.3\httpclient5-5.4.3.jar;C:\Users\rakes\.m2\repository\org\apache\httpcomponents\core5\httpcore5\5.3.4\httpcore5-5.3.4.jar;C:\Users\rakes\.m2\repository\org\apache\httpcomponents\core5\httpcore5-h2\5.3.4\httpcore5-h2-5.3.4.jar;C:\Users\rakes\.m2\repository\net\java\dev\jna\jna-platform\5.13.0\jna-platform-5.13.0.jar;"/>
    <property name="sun.cpu.endian" value="little"/>
    <property name="user.home" value="C:\Users\rakes"/>
    <property name="user.language" value="en"/>
    <property name="java.specification.vendor" value="Oracle Corporation"/>
    <property name="java.version.date" value="2025-04-15"/>
    <property name="java.home" value="C:\Program Files\Java\jdk-21"/>
    <property name="file.separator" value="\"/>
    <property name="basedir" value="C:\Users\rakes\eclipse-workspace\framework\avantageentertainment1.0"/>
    <property name="java.vm.compressedOopsMode" value="32-bit"/>
    <property name="line.separator" value="&#10;"/>
    <property name="java.vm.specification.vendor" value="Oracle Corporation"/>
    <property name="java.specification.name" value="Java Platform API Specification"/>
    <property name="surefire.real.class.path" value="C:\Users\rakes\AppData\Local\Temp\surefire9982695342958394108\surefirebooter-20250704144410758_3.jar"/>
    <property name="user.script" value=""/>
    <property name="sun.management.compiler" value="HotSpot 64-Bit Tiered Compilers"/>
    <property name="java.runtime.version" value="21.0.7+8-LTS-245"/>
    <property name="user.name" value="rakes"/>
    <property name="stdout.encoding" value="Cp1252"/>
    <property name="path.separator" value=";"/>
    <property name="os.version" value="10.0"/>
    <property name="java.runtime.name" value="Java(TM) SE Runtime Environment"/>
    <property name="file.encoding" value="UTF-8"/>
    <property name="java.vm.name" value="Java HotSpot(TM) 64-Bit Server VM"/>
    <property name="localRepository" value="C:\Users\rakes\.m2\repository"/>
    <property name="java.vendor.url.bug" value="https://bugreport.java.com/bugreport/"/>
    <property name="java.io.tmpdir" value="C:\Users\rakes\AppData\Local\Temp\"/>
    <property name="java.version" value="21.0.7"/>
    <property name="user.dir" value="C:\Users\rakes\eclipse-workspace\framework\avantageentertainment1.0"/>
    <property name="os.arch" value="amd64"/>
    <property name="java.vm.specification.name" value="Java Virtual Machine Specification"/>
    <property name="sun.os.patch.level" value=""/>
    <property name="native.encoding" value="Cp1252"/>
    <property name="java.library.path" value="C:\Program Files\Java\jdk-21\bin;C:\windows\Sun\Java\bin;C:\windows\system32;C:\windows;C:\Program Files\Common Files\Oracle\Java\javapath;C:\windows\system32;C:\windows;C:\windows\System32\Wbem;C:\windows\System32\WindowsPowerShell\v1.0\;C:\windows\System32\OpenSSH\;C:\Program Files\Java\jdk-21\bin;C:\Program Files\HP\HP One Agent;C:\Program Files\Git\cmd;C:\Program Files\nodejs\;C:\ProgramData\chocolatey\bin;C:\android\cmdline-tools\latest\bin;C:\android\build-tools;C:\android\platform-tools;C:\android\platforms;C:\android\emulator;C:\Gradle\gradle-8.14.2\bin;C:\Program Files\PowerShell\7\;C:\Program Files\Docker\Docker\resources\bin;C:\Users\rakes\maven\apache-maven-3.9.9-bin\apache-maven-3.9.9\bin;C:\Users\rakes\AppData\Local\Programs\Python\Python313\Scripts\;C:\Users\rakes\AppData\Local\Programs\Python\Python313\;C:\Users\rakes\AppData\Local\Microsoft\WindowsApps;C:\Program Files\Java\jdk-21\bin;C:\Users\rakes\maven\apache-maven-3.9.9-bin\apache-maven-3.9.9\bin;C:\Users\rakes\AppData\Local\Programs\Microsoft VS Code\bin;C:\Users\rakes\AppData\Roaming\npm;C:\Program Files\JetBrains\IntelliJ IDEA Community Edition 2025.1.2\bin;;."/>
    <property name="java.vm.info" value="mixed mode, sharing"/>
    <property name="stderr.encoding" value="Cp1252"/>
    <property name="java.vendor" value="Oracle Corporation"/>
    <property name="java.vm.version" value="21.0.7+8-LTS-245"/>
    <property name="sun.io.unicode.encoding" value="UnicodeLittle"/>
    <property name="java.class.version" value="65.0"/>
  </properties>
  <testcase name="verifyHeaderElementsInHomePage" classname="avantage.entertainment.testcases.HomePageTestCases" time="8.741">
    <system-out><![CDATA[local
I am in local
under local
2025-07-04T19:44:14.285924800Z TestNG-test-ChromeTest-2 INFO Starting configuration XmlConfiguration[location=C:\Users\rakes\eclipse-workspace\framework\avantageentertainment1.0\target\test-classes\log4j2.xml, lastModified=2025-06-18T18:05:51.767Z]...
2025-07-04T19:44:14.289659700Z TestNG-test-ChromeTest-2 INFO Start watching for changes to C:\Users\rakes\eclipse-workspace\framework\avantageentertainment1.0\target\test-classes\log4j2.xml every 0 seconds
2025-07-04T19:44:14.290656700Z TestNG-test-ChromeTest-2 INFO Configuration XmlConfiguration[location=C:\Users\rakes\eclipse-workspace\framework\avantageentertainment1.0\target\test-classes\log4j2.xml, lastModified=2025-06-18T18:05:51.767Z] started.
2025-07-04T19:44:14.295556100Z TestNG-test-ChromeTest-2 INFO Stopping configuration org.apache.logging.log4j.core.config.DefaultConfiguration@7647d2b7...
2025-07-04T19:44:14.297575600Z TestNG-test-ChromeTest-2 INFO Configuration org.apache.logging.log4j.core.config.DefaultConfiguration@7647d2b7 stopped.
local
I am in local
under local
Chrome driver set up completed
Chrome driver set up completed
2025-07-04 14:44:23 [TestNG-test-ChromeTest-1] INFO  avantage.entertainment.testcases.HomePageTestCases - ************* Staring Of Test Case: verifyHeaderElementsInHomePage ********************
2025-07-04 14:44:23 [TestNG-test-ChromeTest-2] INFO  avantage.entertainment.testcases.LoginTestCases - ************* Staring Of Test Case: loginWithEmailValidInvalidUsers ********************
Running on thread: TestNG-test-ChromeTest-1
2025-07-04 14:44:27 [TestNG-test-ChromeTest-1] INFO  avantage.entertainment.testcases.HomePageTestCases - Hamburger Menu is displayed in the header menu
2025-07-04 14:44:28 [TestNG-test-ChromeTest-1] INFO  avantage.entertainment.testcases.HomePageTestCases - Language Selection icon is displayed in the header menu
2025-07-04 14:44:28 [TestNG-test-ChromeTest-1] INFO  avantage.entertainment.testcases.HomePageTestCases - help button is displayed in the header menu
2025-07-04 14:44:28 [TestNG-test-ChromeTest-1] INFO  avantage.entertainment.testcases.HomePageTestCases - Avanatge logo Image is displayed in the header menu
2025-07-04 14:44:28 [TestNG-test-ChromeTest-1] INFO  avantage.entertainment.testcases.HomePageTestCases - My Contests button is displayed in the header menu
2025-07-04 14:44:29 [TestNG-test-ChromeTest-2] INFO  avantage.entertainment.testcases.LoginTestCases - Clicked on Login button in the header
2025-07-04 14:44:29 [TestNG-test-ChromeTest-1] INFO  avantage.entertainment.testcases.HomePageTestCases - Login button is displayed in the header menu
2025-07-04 14:44:29 [TestNG-test-ChromeTest-1] INFO  avantage.entertainment.testcases.HomePageTestCases - Join button is displayed in the header menu
2025-07-04 14:44:29 [TestNG-test-ChromeTest-1] INFO  avantage.entertainment.testcases.HomePageTestCases - ************* End Of Test Case: verifyHeaderElementsInHomePage ********************
]]></system-out>
  </testcase>
  <testcase name="verifyHeaderElementsInHomePage" classname="avantage.entertainment.testcases.HomePageTestCases" time="7.551">
    <system-out><![CDATA[local
local
I am in local
under local
I am in local
under local
Edge driver set up completed
Edge driver set up completed
2025-07-04 14:44:58 [TestNG-test-EdgeTest-2] INFO  avantage.entertainment.testcases.LoginTestCases - ************* Staring Of Test Case: loginWithEmailValidInvalidUsers ********************
2025-07-04 14:44:58 [TestNG-test-EdgeTest-1] INFO  avantage.entertainment.testcases.HomePageTestCases - ************* Staring Of Test Case: verifyHeaderElementsInHomePage ********************
Running on thread: TestNG-test-EdgeTest-1
2025-07-04 14:45:02 [TestNG-test-EdgeTest-2] INFO  avantage.entertainment.testcases.LoginTestCases - Clicked on Login button in the header
2025-07-04 14:45:03 [TestNG-test-EdgeTest-1] INFO  avantage.entertainment.testcases.HomePageTestCases - Hamburger Menu is displayed in the header menu
2025-07-04 14:45:03 [TestNG-test-EdgeTest-1] INFO  avantage.entertainment.testcases.HomePageTestCases - Language Selection icon is displayed in the header menu
2025-07-04 14:45:04 [TestNG-test-EdgeTest-1] INFO  avantage.entertainment.testcases.HomePageTestCases - help button is displayed in the header menu
2025-07-04 14:45:04 [TestNG-test-EdgeTest-1] INFO  avantage.entertainment.testcases.HomePageTestCases - Avanatge logo Image is displayed in the header menu
2025-07-04 14:45:04 [TestNG-test-EdgeTest-1] INFO  avantage.entertainment.testcases.HomePageTestCases - My Contests button is displayed in the header menu
2025-07-04 14:45:04 [TestNG-test-EdgeTest-1] INFO  avantage.entertainment.testcases.HomePageTestCases - Login button is displayed in the header menu
2025-07-04 14:45:04 [TestNG-test-EdgeTest-2] INFO  avantage.entertainment.testcases.LoginTestCases - Clicked on Login with eamil image button in the login modal
2025-07-04 14:45:04 [TestNG-test-EdgeTest-1] INFO  avantage.entertainment.testcases.HomePageTestCases - Join button is displayed in the header menu
2025-07-04 14:45:04 [TestNG-test-EdgeTest-1] INFO  avantage.entertainment.testcases.HomePageTestCases - ************* End Of Test Case: verifyHeaderElementsInHomePage ********************
]]></system-out>
    <system-err><![CDATA[Jul 04, 2025 2:44:56 PM org.openqa.selenium.devtools.CdpVersionFinder findNearestMatch
WARNING: Unable to find an exact match for CDP version 138, returning the closest version; found: 137; Please update to a Selenium version that supports CDP version 138
Jul 04, 2025 2:44:57 PM org.openqa.selenium.devtools.CdpVersionFinder findNearestMatch
WARNING: Unable to find an exact match for CDP version 138, returning the closest version; found: 137; Please update to a Selenium version that supports CDP version 138
]]></system-err>
  </testcase>
  <testcase name="loginWithEmailValidInvalidUsers[rakesh001@mailinator.com, Igsdata@135792, valid](1)" classname="avantage.entertainment.testcases.LoginTestCases" time="17.132">
    <system-out><![CDATA[2025-07-04 14:44:30 [TestNG-test-ChromeTest-2] INFO  avantage.entertainment.testcases.LoginTestCases - Clicked on Login with eamil image button in the login modal
2025-07-04 14:44:32 [TestNG-test-ChromeTest-2] INFO  avantage.entertainment.testcases.LoginTestCases - entered email id in the login modal
2025-07-04 14:44:33 [TestNG-test-ChromeTest-2] INFO  avantage.entertainment.testcases.LoginTestCases - entered pasword in the login modal
2025-07-04 14:44:33 [TestNG-test-ChromeTest-2] INFO  avantage.entertainment.testcases.LoginTestCases - Clicked on Log In button in the login modal
2025-07-04 14:44:36 [TestNG-test-ChromeTest-2] INFO  avantage.entertainment.testcases.LoginTestCases - Clicked on Log hamburger menu in the header
2025-07-04 14:44:37 [TestNG-test-ChromeTest-2] INFO  avantage.entertainment.testcases.LoginTestCases - My Account button displayed after successful login
2025-07-04 14:44:37 [TestNG-test-ChromeTest-2] INFO  avantage.entertainment.testcases.LoginTestCases - Click on My Account button in the menu
2025-07-04 14:44:37 [TestNG-test-ChromeTest-2] INFO  avantage.entertainment.testcases.LoginTestCases - Click on logout from Player account modal
2025-07-04 14:44:37 [TestNG-test-ChromeTest-2] INFO  avantage.entertainment.testcases.LoginTestCases - ************* End Of Test Case: loginWithEmailValidInvalidUsers ********************
]]></system-out>
  </testcase>
  <testcase name="loginWithEmailValidInvalidUsers[rakesh001@mailinator.com, Igsdata@135792, valid](1)" classname="avantage.entertainment.testcases.LoginTestCases" time="13.026">
    <failure message="Session ID is null. Using WebDriver after calling quit()?&#10;Build info: version: &apos;4.33.0&apos;, revision: &apos;2c6aaad03a&apos;&#10;System info: os.name: &apos;Windows 11&apos;, os.arch: &apos;amd64&apos;, os.version: &apos;10.0&apos;, java.version: &apos;21.0.7&apos;&#10;Driver info: org.openqa.selenium.edge.EdgeDriver&#10;Command: [null, findElement {using=xpath, value=(//span[contains(text(),&apos;Help&apos;)])[1]//parent::button//preceding-sibling::button}]&#10;Capabilities {acceptInsecureCerts: false, browserName: MicrosoftEdge, browserVersion: 138.0.3351.65, fedcm:accounts: true, ms:edgeOptions: {debuggerAddress: localhost:51838}, msedge: {msedgedriverVersion: 138.0.3351.65 (81e3782c3ab4..., userDataDir: C:\Users\rakes\AppData\Loca...}, networkConnectionEnabled: false, pageLoadStrategy: normal, platformName: windows, proxy: Proxy(), se:cdp: ws://localhost:51838/devtoo..., se:cdpVersion: 138.0.3351.65, setWindowRect: true, strictFileInteractability: false, timeouts: {implicit: 0, pageLoad: 300000, script: 30000}, unhandledPromptBehavior: dismiss and notify, webauthn:extension:credBlob: true, webauthn:extension:largeBlob: true, webauthn:extension:minPinLength: true, webauthn:extension:prf: true, webauthn:virtualAuthenticators: true}" type="java.lang.AssertionError"><![CDATA[java.lang.AssertionError: 
Session ID is null. Using WebDriver after calling quit()?
Build info: version: '4.33.0', revision: '2c6aaad03a'
System info: os.name: 'Windows 11', os.arch: 'amd64', os.version: '10.0', java.version: '21.0.7'
Driver info: org.openqa.selenium.edge.EdgeDriver
Command: [null, findElement {using=xpath, value=(//span[contains(text(),'Help')])[1]//parent::button//preceding-sibling::button}]
Capabilities {acceptInsecureCerts: false, browserName: MicrosoftEdge, browserVersion: 138.0.3351.65, fedcm:accounts: true, ms:edgeOptions: {debuggerAddress: localhost:51838}, msedge: {msedgedriverVersion: 138.0.3351.65 (81e3782c3ab4..., userDataDir: C:\Users\rakes\AppData\Loca...}, networkConnectionEnabled: false, pageLoadStrategy: normal, platformName: windows, proxy: Proxy(), se:cdp: ws://localhost:51838/devtoo..., se:cdpVersion: 138.0.3351.65, setWindowRect: true, strictFileInteractability: false, timeouts: {implicit: 0, pageLoad: 300000, script: 30000}, unhandledPromptBehavior: dismiss and notify, webauthn:extension:credBlob: true, webauthn:extension:largeBlob: true, webauthn:extension:minPinLength: true, webauthn:extension:prf: true, webauthn:virtualAuthenticators: true}
	at org.testng.Assert.fail(Assert.java:111)
	at avantage.entertainment.testcases.LoginTestCases.loginWithEmailValidInvalidUsers(LoginTestCases.java:126)
	at java.base/jdk.internal.reflect.DirectMethodHandleAccessor.invoke(DirectMethodHandleAccessor.java:103)
	at java.base/java.lang.reflect.Method.invoke(Method.java:580)
	at org.testng.internal.invokers.MethodInvocationHelper.invokeMethod(MethodInvocationHelper.java:141)
	at org.testng.internal.invokers.TestInvoker.invokeMethod(TestInvoker.java:687)
	at org.testng.internal.invokers.TestInvoker.invokeTestMethod(TestInvoker.java:230)
	at org.testng.internal.invokers.MethodRunner.runInSequence(MethodRunner.java:63)
	at org.testng.internal.invokers.TestInvoker$MethodInvocationAgent.invoke(TestInvoker.java:995)
	at org.testng.internal.invokers.TestInvoker.invokeTestMethods(TestInvoker.java:203)
	at org.testng.internal.invokers.TestMethodWorker.invokeTestMethods(TestMethodWorker.java:154)
	at org.testng.internal.invokers.TestMethodWorker.run(TestMethodWorker.java:134)
	at java.base/java.util.concurrent.Executors$RunnableAdapter.call(Executors.java:572)
	at java.base/java.util.concurrent.FutureTask.run(FutureTask.java:317)
	at org.testng.internal.thread.graph.TestNGFutureTask.run(TestNGFutureTask.java:22)
	at java.base/java.util.concurrent.ThreadPoolExecutor.runWorker(ThreadPoolExecutor.java:1144)
	at java.base/java.util.concurrent.ThreadPoolExecutor$Worker.run(ThreadPoolExecutor.java:642)
	at java.base/java.lang.Thread.run(Thread.java:1583)
]]></failure>
    <system-out><![CDATA[2025-07-04 14:45:05 [TestNG-test-EdgeTest-2] INFO  avantage.entertainment.testcases.LoginTestCases - entered email id in the login modal
2025-07-04 14:45:06 [TestNG-test-EdgeTest-2] INFO  avantage.entertainment.testcases.LoginTestCases - entered pasword in the login modal
2025-07-04 14:45:06 [TestNG-test-EdgeTest-2] INFO  avantage.entertainment.testcases.LoginTestCases - Clicked on Log In button in the login modal
]]></system-out>
  </testcase>
  <testcase name="loginWithEmailValidInvalidUsers[rakesh002@mailinator.com, Igsdata@135792, invalid](2)" classname="avantage.entertainment.testcases.LoginTestCases" time="10.882">
    <system-out><![CDATA[I am in local
under local
Chrome driver set up completed
2025-07-04 14:44:42 [TestNG-test-ChromeTest-2] INFO  avantage.entertainment.testcases.LoginTestCases - ************* Staring Of Test Case: loginWithEmailValidInvalidUsers ********************
2025-07-04 14:44:46 [TestNG-test-ChromeTest-2] INFO  avantage.entertainment.testcases.LoginTestCases - Clicked on Login button in the header
2025-07-04 14:44:47 [TestNG-test-ChromeTest-2] INFO  avantage.entertainment.testcases.LoginTestCases - Clicked on Login with eamil image button in the login modal
2025-07-04 14:44:48 [TestNG-test-ChromeTest-2] INFO  avantage.entertainment.testcases.LoginTestCases - entered email id in the login modal
2025-07-04 14:44:48 [TestNG-test-ChromeTest-2] INFO  avantage.entertainment.testcases.LoginTestCases - entered pasword in the login modal
2025-07-04 14:44:48 [TestNG-test-ChromeTest-2] INFO  avantage.entertainment.testcases.LoginTestCases - Clicked on Log In button in the login modal
2025-07-04 14:44:52 [TestNG-test-ChromeTest-2] INFO  avantage.entertainment.testcases.LoginTestCases - Error message displayed when logged in with inavlid credential
2025-07-04 14:44:52 [TestNG-test-ChromeTest-2] INFO  avantage.entertainment.testcases.LoginTestCases - ************* End Of Test Case: loginWithEmailValidInvalidUsers ********************
]]></system-out>
  </testcase>
  <testcase name="loginWithEmailValidInvalidUsers[rakesh002@mailinator.com, Igsdata@135792, invalid](2)" classname="avantage.entertainment.testcases.LoginTestCases" time="9.973">
    <system-out><![CDATA[I am in local
under local
Edge driver set up completed
2025-07-04 14:45:12 [TestNG-test-EdgeTest-2] INFO  avantage.entertainment.testcases.LoginTestCases - ************* Staring Of Test Case: loginWithEmailValidInvalidUsers ********************
2025-07-04 14:45:15 [TestNG-test-EdgeTest-2] INFO  avantage.entertainment.testcases.LoginTestCases - Clicked on Login button in the header
2025-07-04 14:45:16 [TestNG-test-EdgeTest-2] INFO  avantage.entertainment.testcases.LoginTestCases - Clicked on Login with eamil image button in the login modal
2025-07-04 14:45:17 [TestNG-test-EdgeTest-2] INFO  avantage.entertainment.testcases.LoginTestCases - entered email id in the login modal
2025-07-04 14:45:18 [TestNG-test-EdgeTest-2] INFO  avantage.entertainment.testcases.LoginTestCases - entered pasword in the login modal
2025-07-04 14:45:18 [TestNG-test-EdgeTest-2] INFO  avantage.entertainment.testcases.LoginTestCases - Clicked on Log In button in the login modal
2025-07-04 14:45:21 [TestNG-test-EdgeTest-2] INFO  avantage.entertainment.testcases.LoginTestCases - Error message displayed when logged in with inavlid credential
2025-07-04 14:45:21 [TestNG-test-EdgeTest-2] INFO  avantage.entertainment.testcases.LoginTestCases - ************* End Of Test Case: loginWithEmailValidInvalidUsers ********************
]]></system-out>
    <system-err><![CDATA[Jul 04, 2025 2:45:11 PM org.openqa.selenium.devtools.CdpVersionFinder findNearestMatch
WARNING: Unable to find an exact match for CDP version 138, returning the closest version; found: 137; Please update to a Selenium version that supports CDP version 138
]]></system-err>
  </testcase>
</testsuite>